
**** Build of configuration Nios II for project cs303_a1 ****

make all 
Info: Building ../cs303_a1_bsp/
make --no-print-directory -C ../cs303_a1_bsp/
[BSP build complete]
Info: Compiling hello_world.c to obj/default/hello_world.o
nios2-elf-gcc -xc -MP -MMD -c -I../cs303_a1_bsp//HAL/inc -I../cs303_a1_bsp/ -I../cs303_a1_bsp//drivers/inc  -DSYSTEM_BUS_WIDTH=32 -pipe -D__hal__ -DALT_NO_INSTRUCTION_EMULATION -DALT_SINGLE_THREADED    -O0 -g -Wall   -EL -mno-hw-div -mhw-mul -mno-hw-mulx  -o obj/default/hello_world.o hello_world.c
hello_world.c: In function 'buttons_driver':
hello_world.c:135: warning: unused variable 'state'
hello_world.c: In function 'update_timeout':
hello_world.c:310: warning: control reaches end of non-void function
hello_world.c: In function 'is_vehicle_detected':
hello_world.c:362: warning: control reaches end of non-void function
hello_world.c: In function 'is_vehicle_left':
hello_world.c:366: warning: control reaches end of non-void function
hello_world.c: In function 'main':
hello_world.c:374: warning: unused variable 'buttons'
hello_world.c: At top level:
hello_world.c:75: warning: 'tlc_timer' defined but not used
hello_world.c:76: warning: 'camera_timer' defined but not used
hello_world.c:90: warning: 'vehicle_detected' defined but not used
hello_world.c:93: warning: 'timeout' defined but not used
hello_world.c:94: warning: 'timeout_buf' defined but not used
hello_world.c:103: warning: 'traffic_lights' defined but not used
Info: Linking cs303_a1.elf
nios2-elf-g++  -T'../cs303_a1_bsp//linker.x' -msys-crt0='../cs303_a1_bsp//obj/HAL/src/crt0.o' -msys-lib=hal_bsp -L../cs303_a1_bsp/   -Wl,-Map=cs303_a1.map   -O0 -g -Wall   -EL -mno-hw-div -mhw-mul -mno-hw-mulx  -o cs303_a1.elf obj/default/hello_world.o -lm 
nios2-elf-insert cs303_a1.elf --thread_model hal --cpu_name cpu --qsys true --simulation_enabled false --id 309768158 --sidp 0x10110b0 --timestamp 1502656663 --stderr_dev jtag_uart --stdin_dev jtag_uart --stdout_dev jtag_uart --sopc_system_name system --quartus_project_dir "D:/compsys303" --sopcinfo D:/compsys303/system.sopcinfo
Info: (cs303_a1.elf) 25 KBytes program size (code + initialized data).
Info:                8160 KBytes free for stack + heap.
Info: Creating cs303_a1.objdump
nios2-elf-objdump --disassemble --syms --all-header --source cs303_a1.elf >cs303_a1.objdump
[cs303_a1 build complete]

**** Build Finished ****
